<?xml version="1.0" encoding="UTF-8"?>
<!-- Generated by org.testng.reporters.JUnitXMLReporter -->
<testsuite ignored="15" hostname="WK-ACS-01" failures="0" tests="1" name="Default test" time="183.66" errors="0" timestamp="2025-08-26T11:33:31 IST">
  <testcase classname="tax2efile.Testscripts.FireForms_1099_1098" name="Form_1099R" time="175.079"/>
  <testcase classname="tax2efile.Testscripts.FireForms_1099_1098" name="Form_1099A" time="0.0">
    <ignored/>
  </testcase> <!-- Form_1099A -->
  <testcase classname="tax2efile.Testscripts.FireForms_1099_1098" name="Form_1099B" time="0.0">
    <ignored/>
  </testcase> <!-- Form_1099B -->
  <testcase classname="tax2efile.Testscripts.FireForms_1099_1098" name="Form_1099LTC" time="0.0">
    <ignored/>
  </testcase> <!-- Form_1099LTC -->
  <testcase classname="tax2efile.Testscripts.FireForms_1099_1098" name="Form_1099G" time="0.0">
    <ignored/>
  </testcase> <!-- Form_1099G -->
  <testcase classname="tax2efile.Testscripts.FireForms_1099_1098" name="Form_1099C" time="0.0">
    <ignored/>
  </testcase> <!-- Form_1099C -->
  <testcase classname="tax2efile.Testscripts.FireForms_1099_1098" name="Form_1099PATR" time="0.0">
    <ignored/>
  </testcase> <!-- Form_1099PATR -->
  <testcase classname="tax2efile.Testscripts.FireForms_1099_1098" name="Form_1099Q" time="0.0">
    <ignored/>
  </testcase> <!-- Form_1099Q -->
  <testcase classname="tax2efile.Testscripts.FireForms_1099_1098" name="Form_1099LS" time="0.0">
    <ignored/>
  </testcase> <!-- Form_1099LS -->
  <testcase classname="tax2efile.Testscripts.FireForms_1099_1098" name="Form_1099K" time="0.0">
    <ignored/>
  </testcase> <!-- Form_1099K -->
  <testcase classname="tax2efile.Testscripts.FireForms_1099_1098" name="Form_1099CAP" time="0.0">
    <ignored/>
  </testcase> <!-- Form_1099CAP -->
  <testcase classname="tax2efile.Testscripts.FireForms_1099_1098" name="Form_1099NEC" time="0.0">
    <ignored/>
  </testcase> <!-- Form_1099NEC -->
  <testcase classname="tax2efile.Testscripts.FireForms_1099_1098" name="Form_1099MISC" time="0.0">
    <ignored/>
  </testcase> <!-- Form_1099MISC -->
  <testcase classname="tax2efile.Testscripts.FireForms_1099_1098" name="Form_1099INT" time="0.0">
    <ignored/>
  </testcase> <!-- Form_1099INT -->
  <testcase classname="tax2efile.Testscripts.FireForms_1099_1098" name="Form_1099OID" time="0.0">
    <ignored/>
  </testcase> <!-- Form_1099OID -->
  <testcase classname="tax2efile.Testscripts.FireForms_1099_1098" name="Form_1099DIV" time="0.0">
    <ignored/>
  </testcase> <!-- Form_1099DIV -->
</testsuite> <!-- Default test -->
