<?xml version="1.0" encoding="UTF-8"?>
<!-- Generated by org.testng.reporters.JUnitXMLReporter -->
<testsuite ignored="8" hostname="WK-ACS-01" failures="0" tests="1" name="Default test" time="92.588" errors="0" timestamp="2025-08-20T18:37:25 IST">
  <testcase classname="tax2efile.Testscripts.FireForms_1099_1098" name="Form_1099K" time="84.731"/>
  <testcase classname="tax2efile.Testscripts.FireForms_1099_1098" name="Form_1099A" time="0.0">
    <ignored/>
  </testcase> <!-- Form_1099A -->
  <testcase classname="tax2efile.Testscripts.FireForms_1099_1098" name="Form_1099CAP" time="0.0">
    <ignored/>
  </testcase> <!-- Form_1099CAP -->
  <testcase classname="tax2efile.Testscripts.FireForms_1099_1098" name="Form_1099B" time="0.0">
    <ignored/>
  </testcase> <!-- Form_1099B -->
  <testcase classname="tax2efile.Testscripts.FireForms_1099_1098" name="Form_1099G" time="0.0">
    <ignored/>
  </testcase> <!-- Form_1099G -->
  <testcase classname="tax2efile.Testscripts.FireForms_1099_1098" name="Form_1099INT" time="0.0">
    <ignored/>
  </testcase> <!-- Form_1099INT -->
  <testcase classname="tax2efile.Testscripts.FireForms_1099_1098" name="Form_1099C" time="0.0">
    <ignored/>
  </testcase> <!-- Form_1099C -->
  <testcase classname="tax2efile.Testscripts.FireForms_1099_1098" name="Form_1099OID" time="0.0">
    <ignored/>
  </testcase> <!-- Form_1099OID -->
  <testcase classname="tax2efile.Testscripts.FireForms_1099_1098" name="Form_1099DIV" time="0.0">
    <ignored/>
  </testcase> <!-- Form_1099DIV -->
</testsuite> <!-- Default test -->
