<?xml version="1.0" encoding="UTF-8"?>
<!-- Generated by org.testng.reporters.JUnitXMLReporter -->
<testsuite ignored="0" hostname="WK-ACS-01" failures="0" tests="11" name="Run109910998Forms" time="1483.672" errors="0" timestamp="2025-08-21T11:35:43 IST">
  <testcase classname="tax2efile.Testscripts.FireForms_1099_1098" name="Form_1099A" time="127.065"/>
  <testcase classname="tax2efile.Testscripts.FireForms_1099_1098" name="Form_1099B" time="95.033"/>
  <testcase classname="tax2efile.Testscripts.FireForms_1099_1098" name="Form_1099C" time="115.665"/>
  <testcase classname="tax2efile.Testscripts.FireForms_1099_1098" name="Form_1099CAP" time="133.451"/>
  <testcase classname="tax2efile.Testscripts.FireForms_1099_1098" name="Form_1099DIV" time="119.431"/>
  <testcase classname="tax2efile.Testscripts.FireForms_1099_1098" name="Form_1099G" time="103.339"/>
  <testcase classname="tax2efile.Testscripts.FireForms_1099_1098" name="Form_1099INT" time="151.468"/>
  <testcase classname="tax2efile.Testscripts.FireForms_1099_1098" name="Form_1099K" time="109.022"/>
  <testcase classname="tax2efile.Testscripts.FireForms_1099_1098" name="Form_1099LS" time="84.473"/>
  <testcase classname="tax2efile.Testscripts.FireForms_1099_1098" name="Form_1099LTC" time="131.291"/>
  <testcase classname="tax2efile.Testscripts.FireForms_1099_1098" name="Form_1099OID" time="135.092"/>
</testsuite> <!-- Run109910998Forms -->
