<?xml version="1.0" encoding="UTF-8"?>
<!-- Generated by org.testng.reporters.JUnitXMLReporter -->
<testsuite ignored="0" hostname="WK-ACS-01" failures="0" tests="4" name="Test" time="30.581" errors="0" timestamp="2025-06-05T17:12:28 IST">
  <testcase classname="tax2efile.Testscripts.LoginPageTest" name="LoginFlowTest" time="17.876"/>
  <testcase classname="tax2efile.Testscripts.LoginPageTest" name="SauceDemo" time="0.696"/>
  <testcase classname="tax2efile.Testscripts.LoginPageTest" name="SauceDemo1" time="0.714"/>
  <testcase classname="tax2efile.Testscripts.LoginPageTest" name="SauceDemo2" time="1.167"/>
</testsuite> <!-- Test -->
