<?xml version="1.0" encoding="UTF-8"?>
<testng-results ignored="2" total="3" passed="1" failed="0" skipped="0">
  <reporter-output>
  </reporter-output>
  <suite started-at="2025-08-18T15:19:08 IST" name="Default suite" finished-at="2025-08-18T15:21:26 IST" duration-ms="138289">
    <groups>
    </groups>
    <test started-at="2025-08-18T15:19:08 IST" name="Default test" finished-at="2025-08-18T15:21:26 IST" duration-ms="138289">
      <class name="tax2efile.Testscripts.FireForms_1099_1098">
        <test-method is-config="true" signature="SetupBrowser(java.lang.String)[pri:0, instance:tax2efile.Testscripts.FireForms_1099_1098@1189dd52]" started-at="2025-08-18T15:19:08 IST" name="SetupBrowser" finished-at="2025-08-18T15:19:18 IST" duration-ms="9887" status="PASS">
          <params>
            <param index="0">
              <value>
                <![CDATA[FILINGFEE]]>
              </value>
            </param>
          </params>
          <reporter-output>
          </reporter-output>
        </test-method> <!-- SetupBrowser -->
        <test-method signature="Form_1099B()[pri:0, instance:tax2efile.Testscripts.FireForms_1099_1098@1189dd52]" started-at="2025-08-18T15:19:18 IST" name="Form_1099B" description="FireForm 1099 B" finished-at="2025-08-18T15:21:26 IST" duration-ms="128021" status="PASS">
          <reporter-output>
          </reporter-output>
        </test-method> <!-- Form_1099B -->
        <test-method is-config="true" signature="TearDown()[pri:0, instance:tax2efile.Testscripts.FireForms_1099_1098@1189dd52]" started-at="2025-08-18T15:21:26 IST" name="TearDown" finished-at="2025-08-18T15:21:26 IST" duration-ms="345" status="PASS">
          <reporter-output>
          </reporter-output>
        </test-method> <!-- TearDown -->
      </class> <!-- tax2efile.Testscripts.FireForms_1099_1098 -->
    </test> <!-- Default test -->
  </suite> <!-- Default suite -->
</testng-results>
