<?xml version="1.0" encoding="UTF-8"?>
<testng-results ignored="0" total="1" passed="1" failed="0" skipped="0">
  <reporter-output>
  </reporter-output>
  <suite started-at="2025-08-01T12:08:10 IST" name="Default suite" finished-at="2025-08-01T12:10:52 IST" duration-ms="162165">
    <groups>
    </groups>
    <test started-at="2025-08-01T12:08:10 IST" name="Default test" finished-at="2025-08-01T12:10:52 IST" duration-ms="162165">
      <class name="tax2efile.Testscripts.LoginPageTest">
        <test-method is-config="true" signature="SetupBrowser()[pri:0, instance:tax2efile.Testscripts.LoginPageTest@3febb011]" started-at="2025-08-01T12:08:10 IST" name="SetupBrowser" finished-at="2025-08-01T12:08:13 IST" duration-ms="2706" status="PASS">
          <reporter-output>
          </reporter-output>
        </test-method> <!-- SetupBrowser -->
        <test-method signature="LoginFlowTest()[pri:0, instance:tax2efile.Testscripts.LoginPageTest@3febb011]" started-at="2025-08-01T12:08:13 IST" name="LoginFlowTest" finished-at="2025-08-01T12:10:52 IST" duration-ms="159130" status="PASS">
          <reporter-output>
          </reporter-output>
        </test-method> <!-- LoginFlowTest -->
        <test-method is-config="true" signature="TearDown()[pri:0, instance:tax2efile.Testscripts.LoginPageTest@3febb011]" started-at="2025-08-01T12:10:52 IST" name="TearDown" finished-at="2025-08-01T12:10:52 IST" duration-ms="295" status="PASS">
          <reporter-output>
          </reporter-output>
        </test-method> <!-- TearDown -->
      </class> <!-- tax2efile.Testscripts.LoginPageTest -->
    </test> <!-- Default test -->
  </suite> <!-- Default suite -->
</testng-results>
